2020-09-09 21:02:50.900 INFO [main]o.a.d.s.b.context.event.WelcomeLogoApplicationListener.onApplicationEvent:63 -

 :: Dubbo Spring Boot (v2.7.3) : https://github.com/apache/dubbo-spring-boot-project
 :: Dubbo (v2.7.3) : https://github.com/apache/incubator-dubbo
 :: Discuss group : dev@dubbo.apache.org

2020-09-09 21:02:50.920 INFO [main]o.a.d.s.b.c.event.OverrideDubboConfigApplicationListener.onApplicationEvent:68 -Dubbo Config was overridden by externalized configuration {dubbo.application.name=e3-manager, dubbo.application.qos-enable=false, dubbo.config.multiple=true, dubbo.protocol.name=dubbo, dubbo.protocol.port=20882, dubbo.registry.address=zookeeper://192.168.10.101:2181, dubbo.registry.protocol=zookeeper, dubbo.scan.base-packages=com.e3mall.mansger.service}
2020-09-09 21:02:51.456 INFO [main]com.e3mall.E3ManagerServiceApplication.logStarting:55 -Starting E3ManagerServiceApplication on hsy-virtual-machine with PID 37524 (/home/hsy/IdeaProjects/mall-parent/e3-manager/e3-manager-service/target/classes started by hsy in /home/hsy/IdeaProjects/mall-parent)
2020-09-09 21:02:51.457 INFO [main]com.e3mall.E3ManagerServiceApplication.logStartupProfileInfo:655 -The following profiles are active: dev
2020-09-09 21:02:53.158 INFO [main]o.a.d.c.s.context.annotation.DubboConfigBindingRegistrar.registerDubboConfigBean:127 -The dubbo config bean definition [name : org.apache.dubbo.config.ApplicationConfig#0, class : org.apache.dubbo.config.ApplicationConfig] has been registered.
2020-09-09 21:02:53.160 INFO [main]o.a.d.c.s.context.annotation.DubboConfigBindingRegistrar.registerDubboConfigBindingBeanPostProcessor:151 -The BeanPostProcessor bean definition [org.apache.dubbo.config.spring.beans.factory.annotation.DubboConfigBindingBeanPostProcessor] for dubbo config bean [name : org.apache.dubbo.config.ApplicationConfig#0] has been registered.
2020-09-09 21:02:53.161 INFO [main]o.a.d.c.s.context.annotation.DubboConfigBindingRegistrar.registerDubboConfigBean:127 -The dubbo config bean definition [name : org.apache.dubbo.config.RegistryConfig#0, class : org.apache.dubbo.config.RegistryConfig] has been registered.
2020-09-09 21:02:53.161 INFO [main]o.a.d.c.s.context.annotation.DubboConfigBindingRegistrar.registerDubboConfigBindingBeanPostProcessor:151 -The BeanPostProcessor bean definition [org.apache.dubbo.config.spring.beans.factory.annotation.DubboConfigBindingBeanPostProcessor] for dubbo config bean [name : org.apache.dubbo.config.RegistryConfig#0] has been registered.
2020-09-09 21:02:53.162 INFO [main]o.a.d.c.s.context.annotation.DubboConfigBindingRegistrar.registerDubboConfigBean:127 -The dubbo config bean definition [name : org.apache.dubbo.config.ProtocolConfig#0, class : org.apache.dubbo.config.ProtocolConfig] has been registered.
2020-09-09 21:02:53.162 INFO [main]o.a.d.c.s.context.annotation.DubboConfigBindingRegistrar.registerDubboConfigBindingBeanPostProcessor:151 -The BeanPostProcessor bean definition [org.apache.dubbo.config.spring.beans.factory.annotation.DubboConfigBindingBeanPostProcessor] for dubbo config bean [name : org.apache.dubbo.config.ProtocolConfig#0] has been registered.
2020-09-09 21:02:53.251 INFO [main]o.s.d.repository.config.RepositoryConfigurationDelegate.multipleStoresDetected:249 -Multiple Spring Data modules found, entering strict repository configuration mode!
2020-09-09 21:02:53.258 INFO [main]o.s.d.repository.config.RepositoryConfigurationDelegate.registerRepositoriesIn:127 -Bootstrapping Spring Data Redis repositories in DEFAULT mode.
2020-09-09 21:02:53.324 INFO [main]o.s.d.repository.config.RepositoryConfigurationDelegate.registerRepositoriesIn:187 -Finished Spring Data repository scanning in 37ms. Found 0 Redis repository interfaces.
2020-09-09 21:02:53.604 INFO [main]o.s.context.annotation.ConfigurationClassPostProcessor.enhanceConfigurationClasses:403 -Cannot enhance @Configuration bean definition 'org.apache.dubbo.spring.boot.autoconfigure.DubboRelaxedBinding2AutoConfiguration' since its singleton instance has been created too early. The typical cause is a non-static @Bean method with a BeanDefinitionRegistryPostProcessor return type: Consider declaring such methods as 'static'.
2020-09-09 21:02:53.605 INFO [main]o.s.context.annotation.ConfigurationClassPostProcessor.enhanceConfigurationClasses:403 -Cannot enhance @Configuration bean definition 'org.apache.dubbo.spring.boot.autoconfigure.DubboAutoConfiguration' since its singleton instance has been created too early. The typical cause is a non-static @Bean method with a BeanDefinitionRegistryPostProcessor return type: Consider declaring such methods as 'static'.
2020-09-09 21:02:54.301 INFO [main]o.s.c.s.PostProcessorRegistrationDelegate$BeanPostProcessorChecker.postProcessAfterInitialization:335 -Bean 'relaxedDubboConfigBinder' of type [org.apache.dubbo.spring.boot.autoconfigure.BinderDubboConfigBinder] is not eligible for getting processed by all BeanPostProcessors (for example: not eligible for auto-proxying)
2020-09-09 21:02:54.565 INFO [main]o.s.c.s.PostProcessorRegistrationDelegate$BeanPostProcessorChecker.postProcessAfterInitialization:335 -Bean 'relaxedDubboConfigBinder' of type [org.apache.dubbo.spring.boot.autoconfigure.BinderDubboConfigBinder] is not eligible for getting processed by all BeanPostProcessors (for example: not eligible for auto-proxying)
2020-09-09 21:02:54.568 INFO [main]o.s.c.s.PostProcessorRegistrationDelegate$BeanPostProcessorChecker.postProcessAfterInitialization:335 -Bean 'relaxedDubboConfigBinder' of type [org.apache.dubbo.spring.boot.autoconfigure.BinderDubboConfigBinder] is not eligible for getting processed by all BeanPostProcessors (for example: not eligible for auto-proxying)
2020-09-09 21:02:55.236 INFO [main]o.s.boot.web.embedded.tomcat.TomcatWebServer.initialize:91 -Tomcat initialized with port(s): 8024 (http)
2020-09-09 21:02:55.256 INFO [main]org.apache.coyote.http11.Http11NioProtocol.log:173 -Initializing ProtocolHandler ["http-nio-8024"]
2020-09-09 21:02:55.257 INFO [main]org.apache.catalina.core.StandardService.log:173 -Starting service [Tomcat]
2020-09-09 21:02:55.258 INFO [main]org.apache.catalina.core.StandardEngine.log:173 -Starting Servlet engine: [Apache Tomcat/9.0.34]
2020-09-09 21:02:55.405 INFO [main]o.a.catalina.core.ContainerBase.[Tomcat].[localhost].[/].log:173 -Initializing Spring embedded WebApplicationContext
2020-09-09 21:02:55.406 INFO [main]org.springframework.web.context.ContextLoader.prepareWebApplicationContext:284 -Root WebApplicationContext: initialization completed in 3821 ms
2020-09-09 21:02:56.129 INFO [main]com.e3mall.mansger.service.confg.ProducerConfigure.defaultMQProducer:26 -start rocketmq producer success!
2020-09-09 21:02:56.389 INFO [NettyClientSelector_1]RocketmqRemoting.info:95 -closeChannel: close the connection to remote address[] result: true
2020-09-09 21:02:57.613 INFO [main]o.s.scheduling.concurrent.ThreadPoolTaskExecutor.initialize:181 -Initializing ExecutorService 'applicationTaskExecutor'
2020-09-09 21:02:58.164 INFO [main]o.a.d.c.s.b.f.a.DubboConfigBindingBeanPostProcessor.bind:109 -The properties of bean [name : org.apache.dubbo.config.ApplicationConfig#0] have been binding by prefix of configuration properties : dubbo.application
2020-09-09 21:02:58.176 INFO [main]o.a.d.c.s.b.f.a.DubboConfigBindingBeanPostProcessor.bind:109 -The properties of bean [name : org.apache.dubbo.config.RegistryConfig#0] have been binding by prefix of configuration properties : dubbo.registry
2020-09-09 21:02:58.189 INFO [main]o.a.d.c.s.b.f.a.DubboConfigBindingBeanPostProcessor.bind:109 -The properties of bean [name : org.apache.dubbo.config.ProtocolConfig#0] have been binding by prefix of configuration properties : dubbo.protocol
2020-09-09 21:02:59.687 INFO [main]org.apache.curator.framework.imps.CuratorFrameworkImpl.start:224 -Starting
2020-09-09 21:02:59.712 INFO [main]org.apache.zookeeper.ZooKeeper.logEnv:100 -Client environment:zookeeper.version=3.4.6-1569965, built on 02/20/2014 09:09 GMT
2020-09-09 21:02:59.713 INFO [main]org.apache.zookeeper.ZooKeeper.logEnv:100 -Client environment:host.name=hsy-virtual-machine
2020-09-09 21:02:59.713 INFO [main]org.apache.zookeeper.ZooKeeper.logEnv:100 -Client environment:java.version=1.8.0_241
2020-09-09 21:02:59.713 INFO [main]org.apache.zookeeper.ZooKeeper.logEnv:100 -Client environment:java.vendor=Oracle Corporation
2020-09-09 21:02:59.713 INFO [main]org.apache.zookeeper.ZooKeeper.logEnv:100 -Client environment:java.home=/usr/lib/jvm/jdk1.8.0_241/jre
2020-09-09 21:02:59.714 INFO [main]org.apache.zookeeper.ZooKeeper.logEnv:100 -Client environment:java.class.path=/usr/lib/jvm/jdk1.8.0_241/jre/lib/charsets.jar:/usr/lib/jvm/jdk1.8.0_241/jre/lib/deploy.jar:/usr/lib/jvm/jdk1.8.0_241/jre/lib/ext/cldrdata.jar:/usr/lib/jvm/jdk1.8.0_241/jre/lib/ext/dnsns.jar:/usr/lib/jvm/jdk1.8.0_241/jre/lib/ext/jaccess.jar:/usr/lib/jvm/jdk1.8.0_241/jre/lib/ext/jfxrt.jar:/usr/lib/jvm/jdk1.8.0_241/jre/lib/ext/localedata.jar:/usr/lib/jvm/jdk1.8.0_241/jre/lib/ext/nashorn.jar:/usr/lib/jvm/jdk1.8.0_241/jre/lib/ext/sunec.jar:/usr/lib/jvm/jdk1.8.0_241/jre/lib/ext/sunjce_provider.jar:/usr/lib/jvm/jdk1.8.0_241/jre/lib/ext/sunpkcs11.jar:/usr/lib/jvm/jdk1.8.0_241/jre/lib/ext/zipfs.jar:/usr/lib/jvm/jdk1.8.0_241/jre/lib/javaws.jar:/usr/lib/jvm/jdk1.8.0_241/jre/lib/jce.jar:/usr/lib/jvm/jdk1.8.0_241/jre/lib/jfr.jar:/usr/lib/jvm/jdk1.8.0_241/jre/lib/jfxswt.jar:/usr/lib/jvm/jdk1.8.0_241/jre/lib/jsse.jar:/usr/lib/jvm/jdk1.8.0_241/jre/lib/management-agent.jar:/usr/lib/jvm/jdk1.8.0_241/jre/lib/plugin.jar:/usr/lib/jvm/jdk1.8.0_241/jre/lib/resources.jar:/usr/lib/jvm/jdk1.8.0_241/jre/lib/rt.jar:/home/hsy/IdeaProjects/mall-parent/e3-manager/e3-manager-service/target/classes:/home/hsy/IdeaProjects/mall-parent/e3-manager/e3-manager-dao/target/classes:/home/hsy/IdeaProjects/mall-parent/e3-manager/e3-manager-pojo/target/classes:/opt/repository/org/springframework/boot/spring-boot-starter/2.2.7.RELEASE/spring-boot-starter-2.2.7.RELEASE.jar:/opt/repository/org/springframework/boot/spring-boot/2.2.7.RELEASE/spring-boot-2.2.7.RELEASE.jar:/opt/repository/org/springframework/boot/spring-boot-autoconfigure/2.2.7.RELEASE/spring-boot-autoconfigure-2.2.7.RELEASE.jar:/opt/repository/org/springframework/boot/spring-boot-starter-logging/2.2.7.RELEASE/spring-boot-starter-logging-2.2.7.RELEASE.jar:/opt/repository/ch/qos/logback/logback-classic/1.2.3/logback-classic-1.2.3.jar:/opt/repository/ch/qos/logback/logback-core/1.2.3/logback-core-1.2.3.jar:/opt/repository/org/apache/logging/log4j/log4j-to-slf4j/2.12.1/log4j-to-slf4j-2.12.1.jar:/opt/repository/org/apache/logging/log4j/log4j-api/2.12.1/log4j-api-2.12.1.jar:/opt/repository/org/slf4j/jul-to-slf4j/1.7.30/jul-to-slf4j-1.7.30.jar:/opt/repository/jakarta/annotation/jakarta.annotation-api/1.3.5/jakarta.annotation-api-1.3.5.jar:/home/hsy/IdeaProjects/mall-parent/e3-manager/e3-manager-interface/target/classes:/opt/repository/org/apache/rocketmq/rocketmq-client/4.3.0/rocketmq-client-4.3.0.jar:/opt/repository/org/apache/rocketmq/rocketmq-common/4.3.0/rocketmq-common-4.3.0.jar:/opt/repository/org/apache/rocketmq/rocketmq-remoting/4.3.0/rocketmq-remoting-4.3.0.jar:/opt/repository/com/alibaba/fastjson/1.2.62/fastjson-1.2.62.jar:/opt/repository/org/apache/rocketmq/rocketmq-logging/4.3.0/rocketmq-logging-4.3.0.jar:/opt/repository/io/netty/netty-tcnative-boringssl-static/2.0.30.Final/netty-tcnative-boringssl-static-2.0.30.Final.jar:/opt/repository/com/github/pagehelper/pagehelper-spring-boot-starter/1.2.10/pagehelper-spring-boot-starter-1.2.10.jar:/opt/repository/com/github/pagehelper/pagehelper-spring-boot-autoconfigure/1.2.10/pagehelper-spring-boot-autoconfigure-1.2.10.jar:/opt/repository/com/github/pagehelper/pagehelper/5.1.8/pagehelper-5.1.8.jar:/opt/repository/com/github/jsqlparser/jsqlparser/1.2/jsqlparser-1.2.jar:/opt/repository/org/springframework/spring-core/5.2.6.RELEASE/spring-core-5.2.6.RELEASE.jar:/opt/repository/org/springframework/spring-jcl/5.2.6.RELEASE/spring-jcl-5.2.6.RELEASE.jar:/opt/repository/org/springframework/boot/spring-boot-starter-web/2.2.7.RELEASE/spring-boot-starter-web-2.2.7.RELEASE.jar:/opt/repository/org/springframework/boot/spring-boot-starter-json/2.2.7.RELEASE/spring-boot-starter-json-2.2.7.RELEASE.jar:/opt/repository/com/fasterxml/jackson/core/jackson-databind/2.10.4/jackson-databind-2.10.4.jar:/opt/repository/com/fasterxml/jackson/core/jackson-annotations/2.10.4/jackson-annotations-2.10.4.jar:/opt/repository/com/fasterxml/jackson/core/jackson-core/2.10.4/jackson-core-2.10.4.jar:/opt/repository/com/fasterxml/jackson/datatype/jackson-datatype-jdk8/2.10.4/jackson-datatype-jdk8-2.10.4.jar:/opt/repository/com/fasterxml/jackson/datatype/jackson-datatype-jsr310/2.10.4/jackson-datatype-jsr310-2.10.4.jar:/opt/repository/com/fasterxml/jackson/module/jackson-module-parameter-names/2.10.4/jackson-module-parameter-names-2.10.4.jar:/opt/repository/org/springframework/boot/spring-boot-starter-tomcat/2.2.7.RELEASE/spring-boot-starter-tomcat-2.2.7.RELEASE.jar:/opt/repository/org/apache/tomcat/embed/tomcat-embed-core/9.0.34/tomcat-embed-core-9.0.34.jar:/opt/repository/org/apache/tomcat/embed/tomcat-embed-el/9.0.34/tomcat-embed-el-9.0.34.jar:/opt/repository/org/apache/tomcat/embed/tomcat-embed-websocket/9.0.34/tomcat-embed-websocket-9.0.34.jar:/opt/repository/org/springframework/boot/spring-boot-starter-validation/2.2.7.RELEASE/spring-boot-starter-validation-2.2.7.RELEASE.jar:/opt/repository/jakarta/validation/jakarta.validation-api/2.0.2/jakarta.validation-api-2.0.2.jar:/opt/repository/org/hibernate/validator/hibernate-validator/6.0.19.Final/hibernate-validator-6.0.19.Final.jar:/opt/repository/org/jboss/logging/jboss-logging/3.4.1.Final/jboss-logging-3.4.1.Final.jar:/opt/repository/com/fasterxml/classmate/1.5.1/classmate-1.5.1.jar:/opt/repository/org/springframework/spring-web/5.2.6.RELEASE/spring-web-5.2.6.RELEASE.jar:/opt/repository/org/springframework/spring-beans/5.2.6.RELEASE/spring-beans-5.2.6.RELEASE.jar:/opt/repository/org/springframework/spring-webmvc/5.2.6.RELEASE/spring-webmvc-5.2.6.RELEASE.jar:/opt/repository/org/springframework/spring-aop/5.2.6.RELEASE/spring-aop-5.2.6.RELEASE.jar:/opt/repository/org/springframework/spring-expression/5.2.6.RELEASE/spring-expression-5.2.6.RELEASE.jar:/opt/repository/mysql/mysql-connector-java/5.1.46/mysql-connector-java-5.1.46.jar:/opt/repository/com/alibaba/druid/1.1.0/druid-1.1.0.jar:/usr/lib/jvm/jdk1.8.0_241/lib/jconsole.jar:/usr/lib/jvm/jdk1.8.0_241/lib/tools.jar:/opt/repository/org/springframework/boot/spring-boot-starter-data-redis/2.2.7.RELEASE/spring-boot-starter-data-redis-2.2.7.RELEASE.jar:/opt/repository/org/springframework/data/spring-data-redis/2.2.7.RELEASE/spring-data-redis-2.2.7.RELEASE.jar:/opt/repository/org/springframework/data/spring-data-keyvalue/2.2.7.RELEASE/spring-data-keyvalue-2.2.7.RELEASE.jar:/opt/repository/org/springframework/data/spring-data-commons/2.2.7.RELEASE/spring-data-commons-2.2.7.RELEASE.jar:/opt/repository/org/springframework/spring-tx/5.2.6.RELEASE/spring-tx-5.2.6.RELEASE.jar:/opt/repository/org/springframework/spring-oxm/5.2.6.RELEASE/spring-oxm-5.2.6.RELEASE.jar:/opt/repository/org/springframework/spring-context-support/5.2.6.RELEASE/spring-context-support-5.2.6.RELEASE.jar:/opt/repository/io/lettuce/lettuce-core/5.2.2.RELEASE/lettuce-core-5.2.2.RELEASE.jar:/opt/repository/io/netty/netty-common/4.1.49.Final/netty-common-4.1.49.Final.jar:/opt/repository/io/netty/netty-handler/4.1.49.Final/netty-handler-4.1.49.Final.jar:/opt/repository/io/netty/netty-resolver/4.1.49.Final/netty-resolver-4.1.49.Final.jar:/opt/repository/io/netty/netty-buffer/4.1.49.Final/netty-buffer-4.1.49.Final.jar:/opt/repository/io/netty/netty-codec/4.1.49.Final/netty-codec-4.1.49.Final.jar:/opt/repository/io/netty/netty-transport/4.1.49.Final/netty-transport-4.1.49.Final.jar:/opt/repository/io/projectreactor/reactor-core/3.3.5.RELEASE/reactor-core-3.3.5.RELEASE.jar:/opt/repository/org/reactivestreams/reactive-streams/1.0.3/reactive-streams-1.0.3.jar:/opt/repository/org/mybatis/spring/boot/mybatis-spring-boot-starter/1.3.2/mybatis-spring-boot-starter-1.3.2.jar:/opt/repository/org/springframework/boot/spring-boot-starter-jdbc/2.2.7.RELEASE/spring-boot-starter-jdbc-2.2.7.RELEASE.jar:/opt/repository/com/zaxxer/HikariCP/3.4.3/HikariCP-3.4.3.jar:/opt/repository/org/springframework/spring-jdbc/5.2.6.RELEASE/spring-jdbc-5.2.6.RELEASE.jar:/opt/repository/org/mybatis/spring/boot/mybatis-spring-boot-autoconfigure/1.3.2/mybatis-spring-boot-autoconfigure-1.3.2.jar:/opt/repository/org/mybatis/mybatis/3.4.6/mybatis-3.4.6.jar:/opt/repository/org/mybatis/mybatis-spring/1.3.2/mybatis-spring-1.3.2.jar:/opt/repository/commons-io/commons-io/2.5/commons-io-2.5.jar:/opt/repository/org/apache/commons/commons-lang3/3.3.2/commons-lang3-3.3.2.jar:/opt/repository/org/apache/dubbo/dubbo-spring-boot-starter/2.7.3/dubbo-spring-boot-starter-2.7.3.jar:/opt/repository/org/apache/dubbo/dubbo-spring-boot-autoconfigure/2.7.3/dubbo-spring-boot-autoconfigure-2.7.3.jar:/opt/repository/org/apache/dubbo/dubbo-spring-boot-autoconfigure-compatible/2.7.3/dubbo-spring-boot-autoconfigure-compatible-2.7.3.jar:/opt/repository/org/apache/dubbo/dubbo/2.7.3/dubbo-2.7.3.jar:/opt/repository/org/springframework/spring-context/5.2.6.RELEASE/spring-context-5.2.6.RELEASE.jar:/opt/repository/org/javassist/javassist/3.20.0-GA/javassist-3.20.0-GA.jar:/opt/repository/io/netty/netty-all/4.1.49.Final/netty-all-4.1.49.Final.jar:/opt/repository/com/google/code/gson/gson/2.6.2/gson-2.6.2.jar:/opt/repository/org/yaml/snakeyaml/1.25/snakeyaml-1.25.jar:/opt/repository/org/apache/curator/curator-framework/2.8.0/curator-framework-2.8.0.jar:/opt/repository/org/apache/curator/curator-client/2.8.0/curator-client-2.8.0.jar:/opt/repository/org/apache/zookeeper/zookeeper/3.4.6/zookeeper-3.4.6.jar:/opt/repository/com/google/guava/guava/16.0.1/guava-16.0.1.jar:/opt/repository/org/apache/curator/curator-recipes/2.8.0/curator-recipes-2.8.0.jar:/opt/repository/org/slf4j/slf4j-api/1.7.30/slf4j-api-1.7.30.jar:/opt/repository/log4j/log4j/1.2.17/log4j-1.2.17.jar:/opt/repository/jline/jline/0.9.94/jline-0.9.94.jar:/opt/repository/org/apache/yetus/audience-annotations/0.5.0/audience-annotations-0.5.0.jar:/opt/repository/io/netty/netty/3.10.6.Final/netty-3.10.6.Final.jar:/opt/repository/com/101tec/zkclient/0.10/zkclient-0.10.jar:/home/hsy/IdeaProjects/mall-parent/e3-common/target/classes:/opt/repository/com/qiniu/qiniu-java-sdk/7.2.29/qiniu-java-sdk-7.2.29.jar:/opt/repository/com/squareup/okhttp3/okhttp/3.3.1/okhttp-3.3.1.jar:/opt/repository/com/squareup/okio/okio/1.8.0/okio-1.8.0.jar:/usr/local/idea-IC-193.6911.18/lib/idea_rt.jar
2020-09-09 21:02:59.714 INFO [main]org.apache.zookeeper.ZooKeeper.logEnv:100 -Client environment:java.library.path=/usr/java/packages/lib/amd64:/usr/lib64:/lib64:/lib:/usr/lib
2020-09-09 21:02:59.714 INFO [main]org.apache.zookeeper.ZooKeeper.logEnv:100 -Client environment:java.io.tmpdir=/tmp
2020-09-09 21:02:59.714 INFO [main]org.apache.zookeeper.ZooKeeper.logEnv:100 -Client environment:java.compiler=<NA>
2020-09-09 21:02:59.715 INFO [main]org.apache.zookeeper.ZooKeeper.logEnv:100 -Client environment:os.name=Linux
2020-09-09 21:02:59.715 INFO [main]org.apache.zookeeper.ZooKeeper.logEnv:100 -Client environment:os.arch=amd64
2020-09-09 21:02:59.715 INFO [main]org.apache.zookeeper.ZooKeeper.logEnv:100 -Client environment:os.version=5.4.0-47-generic
2020-09-09 21:02:59.715 INFO [main]org.apache.zookeeper.ZooKeeper.logEnv:100 -Client environment:user.name=hsy
2020-09-09 21:02:59.715 INFO [main]org.apache.zookeeper.ZooKeeper.logEnv:100 -Client environment:user.home=/home/hsy
2020-09-09 21:02:59.716 INFO [main]org.apache.zookeeper.ZooKeeper.logEnv:100 -Client environment:user.dir=/home/hsy/IdeaProjects/mall-parent
2020-09-09 21:02:59.717 INFO [main]org.apache.zookeeper.ZooKeeper.<init>:438 -Initiating client connection, connectString=192.168.10.101:2181 sessionTimeout=60000 watcher=org.apache.curator.ConnectionState@35e98af
2020-09-09 21:02:59.754 INFO [main-SendThread(192.168.10.101:2181)]org.apache.zookeeper.ClientCnxn.logStartConnect:975 -Opening socket connection to server 192.168.10.101/192.168.10.101:2181. Will not attempt to authenticate using SASL (unknown error)
2020-09-09 21:02:59.756 INFO [main-SendThread(192.168.10.101:2181)]org.apache.zookeeper.ClientCnxn.primeConnection:852 -Socket connection established to 192.168.10.101/192.168.10.101:2181, initiating session
2020-09-09 21:02:59.768 INFO [main-SendThread(192.168.10.101:2181)]org.apache.zookeeper.ClientCnxn.onConnected:1235 -Session establishment complete on server 192.168.10.101/192.168.10.101:2181, sessionid = 0x10000029bb40003, negotiated timeout = 40000
2020-09-09 21:02:59.778 INFO [main-EventThread]o.apache.curator.framework.state.ConnectionStateManager.postState:228 -State change: CONNECTED
2020-09-09 21:03:00.979 INFO [main]org.apache.coyote.http11.Http11NioProtocol.log:173 -Starting ProtocolHandler ["http-nio-8024"]
2020-09-09 21:03:01.021 INFO [main]o.s.boot.web.embedded.tomcat.TomcatWebServer.start:203 -Tomcat started on port(s): 8024 (http) with context path ''
2020-09-09 21:03:01.027 INFO [main]com.e3mall.E3ManagerServiceApplication.logStarted:61 -Started E3ManagerServiceApplication in 11.873 seconds (JVM running for 12.922)
2020-09-09 21:03:26.139 INFO [NettyClientSelector_1]RocketmqRemoting.info:95 -closeChannel: close the connection to remote address[] result: true
2020-09-09 21:03:56.147 INFO [NettyClientSelector_1]RocketmqRemoting.info:95 -closeChannel: close the connection to remote address[] result: true
2020-09-09 21:04:26.143 INFO [NettyClientSelector_1]RocketmqRemoting.info:95 -closeChannel: close the connection to remote address[] result: true
2020-09-09 21:04:56.143 INFO [NettyClientSelector_1]RocketmqRemoting.info:95 -closeChannel: close the connection to remote address[] result: true
2020-09-09 21:05:26.139 INFO [NettyClientSelector_1]RocketmqRemoting.info:95 -closeChannel: close the connection to remote address[] result: true
2020-09-09 21:05:56.142 INFO [NettyClientSelector_1]RocketmqRemoting.info:95 -closeChannel: close the connection to remote address[] result: true
2020-09-09 21:06:26.140 INFO [NettyClientSelector_1]RocketmqRemoting.info:95 -closeChannel: close the connection to remote address[] result: true
2020-09-09 21:06:56.142 INFO [NettyClientSelector_1]RocketmqRemoting.info:95 -closeChannel: close the connection to remote address[] result: true
2020-09-09 21:07:26.138 INFO [NettyClientSelector_1]RocketmqRemoting.info:95 -closeChannel: close the connection to remote address[] result: true
2020-09-09 21:07:56.138 INFO [NettyClientSelector_1]RocketmqRemoting.info:95 -closeChannel: close the connection to remote address[] result: true
2020-09-09 21:08:26.139 INFO [NettyClientSelector_1]RocketmqRemoting.info:95 -closeChannel: close the connection to remote address[] result: true
2020-09-09 21:08:56.137 INFO [NettyClientSelector_1]RocketmqRemoting.info:95 -closeChannel: close the connection to remote address[] result: true
2020-09-09 21:09:26.138 INFO [NettyClientSelector_1]RocketmqRemoting.info:95 -closeChannel: close the connection to remote address[] result: true
2020-09-09 21:09:56.138 INFO [NettyClientSelector_1]RocketmqRemoting.info:95 -closeChannel: close the connection to remote address[] result: true
2020-09-09 21:10:26.138 INFO [NettyClientSelector_1]RocketmqRemoting.info:95 -closeChannel: close the connection to remote address[] result: true
2020-09-09 21:10:56.147 INFO [NettyClientSelector_1]RocketmqRemoting.info:95 -closeChannel: close the connection to remote address[] result: true
2020-09-09 21:11:26.143 INFO [NettyClientSelector_1]RocketmqRemoting.info:95 -closeChannel: close the connection to remote address[] result: true
2020-09-09 21:11:56.138 INFO [NettyClientSelector_1]RocketmqRemoting.info:95 -closeChannel: close the connection to remote address[] result: true
2020-09-09 21:12:26.140 INFO [NettyClientSelector_1]RocketmqRemoting.info:95 -closeChannel: close the connection to remote address[] result: true
2020-09-09 21:12:56.139 INFO [NettyClientSelector_1]RocketmqRemoting.info:95 -closeChannel: close the connection to remote address[] result: true
2020-09-09 21:13:26.145 INFO [NettyClientSelector_1]RocketmqRemoting.info:95 -closeChannel: close the connection to remote address[] result: true
2020-09-09 21:13:56.140 INFO [NettyClientSelector_1]RocketmqRemoting.info:95 -closeChannel: close the connection to remote address[] result: true
2020-09-09 21:14:26.139 INFO [NettyClientSelector_1]RocketmqRemoting.info:95 -closeChannel: close the connection to remote address[] result: true
2020-09-09 21:14:56.138 INFO [NettyClientSelector_1]RocketmqRemoting.info:95 -closeChannel: close the connection to remote address[] result: true
2020-09-09 21:15:26.143 INFO [NettyClientSelector_1]RocketmqRemoting.info:95 -closeChannel: close the connection to remote address[] result: true
2020-09-09 21:15:56.144 INFO [NettyClientSelector_1]RocketmqRemoting.info:95 -closeChannel: close the connection to remote address[] result: true
2020-09-09 21:16:26.139 INFO [NettyClientSelector_1]RocketmqRemoting.info:95 -closeChannel: close the connection to remote address[] result: true
2020-09-09 21:16:56.138 INFO [NettyClientSelector_1]RocketmqRemoting.info:95 -closeChannel: close the connection to remote address[] result: true
2020-09-09 21:17:26.141 INFO [NettyClientSelector_1]RocketmqRemoting.info:95 -closeChannel: close the connection to remote address[] result: true
2020-09-09 21:17:56.139 INFO [NettyClientSelector_1]RocketmqRemoting.info:95 -closeChannel: close the connection to remote address[] result: true
2020-09-09 21:18:26.142 INFO [NettyClientSelector_1]RocketmqRemoting.info:95 -closeChannel: close the connection to remote address[] result: true
2020-09-09 21:18:56.139 INFO [NettyClientSelector_1]RocketmqRemoting.info:95 -closeChannel: close the connection to remote address[] result: true
2020-09-09 21:19:26.142 INFO [NettyClientSelector_1]RocketmqRemoting.info:95 -closeChannel: close the connection to remote address[] result: true
2020-09-09 21:19:56.143 INFO [NettyClientSelector_1]RocketmqRemoting.info:95 -closeChannel: close the connection to remote address[] result: true
2020-09-09 21:20:26.138 INFO [NettyClientSelector_1]RocketmqRemoting.info:95 -closeChannel: close the connection to remote address[] result: true
2020-09-09 21:20:56.144 INFO [NettyClientSelector_1]RocketmqRemoting.info:95 -closeChannel: close the connection to remote address[] result: true
2020-09-09 21:21:26.139 INFO [NettyClientSelector_1]RocketmqRemoting.info:95 -closeChannel: close the connection to remote address[] result: true
2020-09-09 21:21:56.154 INFO [NettyClientSelector_1]RocketmqRemoting.info:95 -closeChannel: close the connection to remote address[] result: true
2020-09-09 21:22:26.139 INFO [NettyClientSelector_1]RocketmqRemoting.info:95 -closeChannel: close the connection to remote address[] result: true
2020-09-09 21:22:56.139 INFO [NettyClientSelector_1]RocketmqRemoting.info:95 -closeChannel: close the connection to remote address[] result: true
2020-09-09 21:23:26.144 INFO [NettyClientSelector_1]RocketmqRemoting.info:95 -closeChannel: close the connection to remote address[] result: true
2020-09-09 21:23:56.142 INFO [NettyClientSelector_1]RocketmqRemoting.info:95 -closeChannel: close the connection to remote address[] result: true
2020-09-09 21:24:26.138 INFO [NettyClientSelector_1]RocketmqRemoting.info:95 -closeChannel: close the connection to remote address[] result: true
2020-09-09 21:24:56.140 INFO [NettyClientSelector_1]RocketmqRemoting.info:95 -closeChannel: close the connection to remote address[] result: true
2020-09-09 21:25:26.139 INFO [NettyClientSelector_1]RocketmqRemoting.info:95 -closeChannel: close the connection to remote address[] result: true
2020-09-09 21:25:50.507 INFO [SpringContextShutdownHook]o.a.d.s.b.c.event.AwaitingNonWebApplicationListener.lambda$release$2:162 - [Dubbo] Current Spring Boot Application is about to shutdown...
2020-09-09 21:25:50.694 INFO [SpringContextShutdownHook]org.apache.zookeeper.ZooKeeper.close:684 -Session: 0x10000029bb40003 closed
2020-09-09 21:25:50.695 INFO [main-EventThread]org.apache.zookeeper.ClientCnxn.run:512 -EventThread shut down
2020-09-09 21:25:50.737 INFO [SpringContextShutdownHook]org.apache.curator.framework.imps.CuratorFrameworkImpl.start:224 -Starting
2020-09-09 21:25:50.741 INFO [SpringContextShutdownHook]org.apache.zookeeper.ZooKeeper.<init>:438 -Initiating client connection, connectString=192.168.10.101:2181 sessionTimeout=60000 watcher=org.apache.curator.ConnectionState@78724249
2020-09-09 21:25:50.757 INFO [SpringContextShutdownHook-SendThread(192.168.10.101:2181)]org.apache.zookeeper.ClientCnxn.logStartConnect:975 -Opening socket connection to server 192.168.10.101/192.168.10.101:2181. Will not attempt to authenticate using SASL (unknown error)
2020-09-09 21:25:50.761 INFO [SpringContextShutdownHook-SendThread(192.168.10.101:2181)]org.apache.zookeeper.ClientCnxn.primeConnection:852 -Socket connection established to 192.168.10.101/192.168.10.101:2181, initiating session
2020-09-09 21:25:50.779 INFO [SpringContextShutdownHook-SendThread(192.168.10.101:2181)]org.apache.zookeeper.ClientCnxn.onConnected:1235 -Session establishment complete on server 192.168.10.101/192.168.10.101:2181, sessionid = 0x10000029bb40004, negotiated timeout = 40000
2020-09-09 21:25:50.779 INFO [SpringContextShutdownHook-EventThread]o.apache.curator.framework.state.ConnectionStateManager.postState:228 -State change: CONNECTED
2020-09-09 21:25:50.915 INFO [SpringContextShutdownHook]o.s.scheduling.concurrent.ThreadPoolTaskExecutor.shutdown:218 -Shutting down ExecutorService 'applicationTaskExecutor'
2020-09-09 21:25:50.948 INFO [SpringContextShutdownHook]o.a.d.c.s.b.f.a.ReferenceAnnotationBeanPostProcessor.destroy:305 -class org.apache.dubbo.config.spring.beans.factory.annotation.ReferenceAnnotationBeanPostProcessor was destroying!
