2020-06-18 16:50:51.563 ERROR[Curator-Framework-0]org.apache.curator.framework.imps.CuratorFrameworkImpl.logError:537 -Background operation retry gave up
org.apache.zookeeper.KeeperException$ConnectionLossException: KeeperErrorCode = ConnectionLoss
	at org.apache.zookeeper.KeeperException.create(KeeperException.java:99)
	at org.apache.curator.framework.imps.CuratorFrameworkImpl.checkBackgroundRetry(CuratorFrameworkImpl.java:708)
	at org.apache.curator.framework.imps.CuratorFrameworkImpl.performBackgroundOperation(CuratorFrameworkImpl.java:826)
	at org.apache.curator.framework.imps.CuratorFrameworkImpl.backgroundOperationsLoop(CuratorFrameworkImpl.java:792)
	at org.apache.curator.framework.imps.CuratorFrameworkImpl.access$300(CuratorFrameworkImpl.java:62)
	at org.apache.curator.framework.imps.CuratorFrameworkImpl$4.call(CuratorFrameworkImpl.java:257)
	at java.util.concurrent.FutureTask.run(FutureTask.java:266)
	at java.util.concurrent.ThreadPoolExecutor.runWorker(ThreadPoolExecutor.java:1149)
	at java.util.concurrent.ThreadPoolExecutor$Worker.run(ThreadPoolExecutor.java:624)
	at java.lang.Thread.run(Thread.java:748)
2020-06-18 16:50:51.564 ERROR[Curator-Framework-0]org.apache.curator.framework.imps.CuratorFrameworkImpl.logError:537 -Background retry gave up
org.apache.curator.CuratorConnectionLossException: KeeperErrorCode = ConnectionLoss
	at org.apache.curator.framework.imps.CuratorFrameworkImpl.performBackgroundOperation(CuratorFrameworkImpl.java:809)
	at org.apache.curator.framework.imps.CuratorFrameworkImpl.backgroundOperationsLoop(CuratorFrameworkImpl.java:792)
	at org.apache.curator.framework.imps.CuratorFrameworkImpl.access$300(CuratorFrameworkImpl.java:62)
	at org.apache.curator.framework.imps.CuratorFrameworkImpl$4.call(CuratorFrameworkImpl.java:257)
	at java.util.concurrent.FutureTask.run(FutureTask.java:266)
	at java.util.concurrent.ThreadPoolExecutor.runWorker(ThreadPoolExecutor.java:1149)
	at java.util.concurrent.ThreadPoolExecutor$Worker.run(ThreadPoolExecutor.java:624)
	at java.lang.Thread.run(Thread.java:748)
2020-06-18 16:50:51.565 ERROR[Curator-Framework-0]org.apache.curator.framework.imps.CuratorFrameworkImpl.logError:537 -Background operation retry gave up
org.apache.zookeeper.KeeperException$ConnectionLossException: KeeperErrorCode = ConnectionLoss
	at org.apache.zookeeper.KeeperException.create(KeeperException.java:99)
	at org.apache.curator.framework.imps.CuratorFrameworkImpl.checkBackgroundRetry(CuratorFrameworkImpl.java:708)
	at org.apache.curator.framework.imps.CuratorFrameworkImpl.performBackgroundOperation(CuratorFrameworkImpl.java:826)
	at org.apache.curator.framework.imps.CuratorFrameworkImpl.backgroundOperationsLoop(CuratorFrameworkImpl.java:792)
	at org.apache.curator.framework.imps.CuratorFrameworkImpl.access$300(CuratorFrameworkImpl.java:62)
	at org.apache.curator.framework.imps.CuratorFrameworkImpl$4.call(CuratorFrameworkImpl.java:257)
	at java.util.concurrent.FutureTask.run(FutureTask.java:266)
	at java.util.concurrent.ThreadPoolExecutor.runWorker(ThreadPoolExecutor.java:1149)
	at java.util.concurrent.ThreadPoolExecutor$Worker.run(ThreadPoolExecutor.java:624)
	at java.lang.Thread.run(Thread.java:748)
2020-06-18 16:50:51.565 ERROR[Curator-Framework-0]org.apache.curator.framework.imps.CuratorFrameworkImpl.logError:537 -Background retry gave up
org.apache.curator.CuratorConnectionLossException: KeeperErrorCode = ConnectionLoss
	at org.apache.curator.framework.imps.CuratorFrameworkImpl.performBackgroundOperation(CuratorFrameworkImpl.java:809)
	at org.apache.curator.framework.imps.CuratorFrameworkImpl.backgroundOperationsLoop(CuratorFrameworkImpl.java:792)
	at org.apache.curator.framework.imps.CuratorFrameworkImpl.access$300(CuratorFrameworkImpl.java:62)
	at org.apache.curator.framework.imps.CuratorFrameworkImpl$4.call(CuratorFrameworkImpl.java:257)
	at java.util.concurrent.FutureTask.run(FutureTask.java:266)
	at java.util.concurrent.ThreadPoolExecutor.runWorker(ThreadPoolExecutor.java:1149)
	at java.util.concurrent.ThreadPoolExecutor$Worker.run(ThreadPoolExecutor.java:624)
	at java.lang.Thread.run(Thread.java:748)
2020-06-18 16:50:51.564 ERROR[Curator-Framework-0]org.apache.curator.framework.imps.CuratorFrameworkImpl.logError:537 -Background operation retry gave up
org.apache.zookeeper.KeeperException$ConnectionLossException: KeeperErrorCode = ConnectionLoss
	at org.apache.zookeeper.KeeperException.create(KeeperException.java:99)
	at org.apache.curator.framework.imps.CuratorFrameworkImpl.checkBackgroundRetry(CuratorFrameworkImpl.java:708)
	at org.apache.curator.framework.imps.CuratorFrameworkImpl.performBackgroundOperation(CuratorFrameworkImpl.java:826)
	at org.apache.curator.framework.imps.CuratorFrameworkImpl.backgroundOperationsLoop(CuratorFrameworkImpl.java:792)
	at org.apache.curator.framework.imps.CuratorFrameworkImpl.access$300(CuratorFrameworkImpl.java:62)
	at org.apache.curator.framework.imps.CuratorFrameworkImpl$4.call(CuratorFrameworkImpl.java:257)
	at java.util.concurrent.FutureTask.run(FutureTask.java:266)
	at java.util.concurrent.ThreadPoolExecutor.runWorker(ThreadPoolExecutor.java:1149)
	at java.util.concurrent.ThreadPoolExecutor$Worker.run(ThreadPoolExecutor.java:624)
	at java.lang.Thread.run(Thread.java:748)
2020-06-18 16:50:51.567 ERROR[Curator-Framework-0]org.apache.curator.framework.imps.CuratorFrameworkImpl.logError:537 -Background retry gave up
org.apache.curator.CuratorConnectionLossException: KeeperErrorCode = ConnectionLoss
	at org.apache.curator.framework.imps.CuratorFrameworkImpl.performBackgroundOperation(CuratorFrameworkImpl.java:809)
	at org.apache.curator.framework.imps.CuratorFrameworkImpl.backgroundOperationsLoop(CuratorFrameworkImpl.java:792)
	at org.apache.curator.framework.imps.CuratorFrameworkImpl.access$300(CuratorFrameworkImpl.java:62)
	at org.apache.curator.framework.imps.CuratorFrameworkImpl$4.call(CuratorFrameworkImpl.java:257)
	at java.util.concurrent.FutureTask.run(FutureTask.java:266)
	at java.util.concurrent.ThreadPoolExecutor.runWorker(ThreadPoolExecutor.java:1149)
	at java.util.concurrent.ThreadPoolExecutor$Worker.run(ThreadPoolExecutor.java:624)
	at java.lang.Thread.run(Thread.java:748)
2020-06-18 16:50:51.568 ERROR[Curator-Framework-0]org.apache.curator.framework.imps.CuratorFrameworkImpl.logError:537 -Background operation retry gave up
org.apache.zookeeper.KeeperException$ConnectionLossException: KeeperErrorCode = ConnectionLoss
	at org.apache.zookeeper.KeeperException.create(KeeperException.java:99)
	at org.apache.curator.framework.imps.CuratorFrameworkImpl.checkBackgroundRetry(CuratorFrameworkImpl.java:708)
	at org.apache.curator.framework.imps.CuratorFrameworkImpl.performBackgroundOperation(CuratorFrameworkImpl.java:826)
	at org.apache.curator.framework.imps.CuratorFrameworkImpl.backgroundOperationsLoop(CuratorFrameworkImpl.java:792)
	at org.apache.curator.framework.imps.CuratorFrameworkImpl.access$300(CuratorFrameworkImpl.java:62)
	at org.apache.curator.framework.imps.CuratorFrameworkImpl$4.call(CuratorFrameworkImpl.java:257)
	at java.util.concurrent.FutureTask.run(FutureTask.java:266)
	at java.util.concurrent.ThreadPoolExecutor.runWorker(ThreadPoolExecutor.java:1149)
	at java.util.concurrent.ThreadPoolExecutor$Worker.run(ThreadPoolExecutor.java:624)
	at java.lang.Thread.run(Thread.java:748)
2020-06-18 16:50:51.569 ERROR[Curator-Framework-0]org.apache.curator.framework.imps.CuratorFrameworkImpl.logError:537 -Background retry gave up
org.apache.curator.CuratorConnectionLossException: KeeperErrorCode = ConnectionLoss
	at org.apache.curator.framework.imps.CuratorFrameworkImpl.performBackgroundOperation(CuratorFrameworkImpl.java:809)
	at org.apache.curator.framework.imps.CuratorFrameworkImpl.backgroundOperationsLoop(CuratorFrameworkImpl.java:792)
	at org.apache.curator.framework.imps.CuratorFrameworkImpl.access$300(CuratorFrameworkImpl.java:62)
	at org.apache.curator.framework.imps.CuratorFrameworkImpl$4.call(CuratorFrameworkImpl.java:257)
	at java.util.concurrent.FutureTask.run(FutureTask.java:266)
	at java.util.concurrent.ThreadPoolExecutor.runWorker(ThreadPoolExecutor.java:1149)
	at java.util.concurrent.ThreadPoolExecutor$Worker.run(ThreadPoolExecutor.java:624)
	at java.lang.Thread.run(Thread.java:748)
2020-06-18 16:51:30.569 ERROR[main-EventThread]org.apache.curator.framework.imps.CuratorFrameworkImpl.logError:537 -Background operation retry gave up
org.apache.zookeeper.KeeperException$ConnectionLossException: KeeperErrorCode = ConnectionLoss
	at org.apache.zookeeper.KeeperException.create(KeeperException.java:99)
	at org.apache.curator.framework.imps.CuratorFrameworkImpl.checkBackgroundRetry(CuratorFrameworkImpl.java:708)
	at org.apache.curator.framework.imps.CuratorFrameworkImpl.processBackgroundOperation(CuratorFrameworkImpl.java:499)
	at org.apache.curator.framework.imps.ExistsBuilderImpl$1.processResult(ExistsBuilderImpl.java:123)
	at org.apache.zookeeper.ClientCnxn$EventThread.processEvent(ClientCnxn.java:555)
	at org.apache.zookeeper.ClientCnxn$EventThread.run(ClientCnxn.java:498)
2020-06-18 16:51:30.570 ERROR[main-EventThread]org.apache.curator.framework.imps.CuratorFrameworkImpl.logError:537 -Background operation retry gave up
org.apache.zookeeper.KeeperException$ConnectionLossException: KeeperErrorCode = ConnectionLoss
	at org.apache.zookeeper.KeeperException.create(KeeperException.java:99)
	at org.apache.curator.framework.imps.CuratorFrameworkImpl.checkBackgroundRetry(CuratorFrameworkImpl.java:708)
	at org.apache.curator.framework.imps.CuratorFrameworkImpl.processBackgroundOperation(CuratorFrameworkImpl.java:499)
	at org.apache.curator.framework.imps.ExistsBuilderImpl$1.processResult(ExistsBuilderImpl.java:123)
	at org.apache.zookeeper.ClientCnxn$EventThread.processEvent(ClientCnxn.java:555)
	at org.apache.zookeeper.ClientCnxn$EventThread.run(ClientCnxn.java:498)
2020-06-18 16:51:31.670 ERROR[Curator-Framework-0]org.apache.curator.ConnectionState.checkTimeouts:200 -Connection timed out for connection string (192.168.10.101:2181) and timeout (5000) / elapsed (41132)
org.apache.curator.CuratorConnectionLossException: KeeperErrorCode = ConnectionLoss
	at org.apache.curator.ConnectionState.checkTimeouts(ConnectionState.java:197)
	at org.apache.curator.ConnectionState.getZooKeeper(ConnectionState.java:87)
	at org.apache.curator.CuratorZookeeperClient.getZooKeeper(CuratorZookeeperClient.java:115)
	at org.apache.curator.framework.imps.CuratorFrameworkImpl.performBackgroundOperation(CuratorFrameworkImpl.java:806)
	at org.apache.curator.framework.imps.CuratorFrameworkImpl.backgroundOperationsLoop(CuratorFrameworkImpl.java:792)
	at org.apache.curator.framework.imps.CuratorFrameworkImpl.access$300(CuratorFrameworkImpl.java:62)
	at org.apache.curator.framework.imps.CuratorFrameworkImpl$4.call(CuratorFrameworkImpl.java:257)
	at java.util.concurrent.FutureTask.run(FutureTask.java:266)
	at java.util.concurrent.ThreadPoolExecutor.runWorker(ThreadPoolExecutor.java:1149)
	at java.util.concurrent.ThreadPoolExecutor$Worker.run(ThreadPoolExecutor.java:624)
	at java.lang.Thread.run(Thread.java:748)
2020-06-18 16:51:31.671 ERROR[Curator-Framework-0]org.apache.curator.framework.imps.CuratorFrameworkImpl.logError:537 -Background operation retry gave up
org.apache.zookeeper.KeeperException$ConnectionLossException: KeeperErrorCode = ConnectionLoss
	at org.apache.zookeeper.KeeperException.create(KeeperException.java:99)
	at org.apache.curator.framework.imps.CuratorFrameworkImpl.checkBackgroundRetry(CuratorFrameworkImpl.java:708)
	at org.apache.curator.framework.imps.CuratorFrameworkImpl.performBackgroundOperation(CuratorFrameworkImpl.java:826)
	at org.apache.curator.framework.imps.CuratorFrameworkImpl.backgroundOperationsLoop(CuratorFrameworkImpl.java:792)
	at org.apache.curator.framework.imps.CuratorFrameworkImpl.access$300(CuratorFrameworkImpl.java:62)
	at org.apache.curator.framework.imps.CuratorFrameworkImpl$4.call(CuratorFrameworkImpl.java:257)
	at java.util.concurrent.FutureTask.run(FutureTask.java:266)
	at java.util.concurrent.ThreadPoolExecutor.runWorker(ThreadPoolExecutor.java:1149)
	at java.util.concurrent.ThreadPoolExecutor$Worker.run(ThreadPoolExecutor.java:624)
	at java.lang.Thread.run(Thread.java:748)
2020-06-18 16:51:31.671 ERROR[Curator-Framework-0]org.apache.curator.framework.imps.CuratorFrameworkImpl.logError:537 -Background retry gave up
org.apache.curator.CuratorConnectionLossException: KeeperErrorCode = ConnectionLoss
	at org.apache.curator.ConnectionState.checkTimeouts(ConnectionState.java:197)
	at org.apache.curator.ConnectionState.getZooKeeper(ConnectionState.java:87)
	at org.apache.curator.CuratorZookeeperClient.getZooKeeper(CuratorZookeeperClient.java:115)
	at org.apache.curator.framework.imps.CuratorFrameworkImpl.performBackgroundOperation(CuratorFrameworkImpl.java:806)
	at org.apache.curator.framework.imps.CuratorFrameworkImpl.backgroundOperationsLoop(CuratorFrameworkImpl.java:792)
	at org.apache.curator.framework.imps.CuratorFrameworkImpl.access$300(CuratorFrameworkImpl.java:62)
	at org.apache.curator.framework.imps.CuratorFrameworkImpl$4.call(CuratorFrameworkImpl.java:257)
	at java.util.concurrent.FutureTask.run(FutureTask.java:266)
	at java.util.concurrent.ThreadPoolExecutor.runWorker(ThreadPoolExecutor.java:1149)
	at java.util.concurrent.ThreadPoolExecutor$Worker.run(ThreadPoolExecutor.java:624)
	at java.lang.Thread.run(Thread.java:748)
2020-06-18 16:51:31.679 ERROR[Curator-Framework-0]org.apache.curator.ConnectionState.checkTimeouts:200 -Connection timed out for connection string (192.168.10.101:2181) and timeout (5000) / elapsed (41131)
org.apache.curator.CuratorConnectionLossException: KeeperErrorCode = ConnectionLoss
	at org.apache.curator.ConnectionState.checkTimeouts(ConnectionState.java:197)
	at org.apache.curator.ConnectionState.getZooKeeper(ConnectionState.java:87)
	at org.apache.curator.CuratorZookeeperClient.getZooKeeper(CuratorZookeeperClient.java:115)
	at org.apache.curator.framework.imps.CuratorFrameworkImpl.performBackgroundOperation(CuratorFrameworkImpl.java:806)
	at org.apache.curator.framework.imps.CuratorFrameworkImpl.backgroundOperationsLoop(CuratorFrameworkImpl.java:792)
	at org.apache.curator.framework.imps.CuratorFrameworkImpl.access$300(CuratorFrameworkImpl.java:62)
	at org.apache.curator.framework.imps.CuratorFrameworkImpl$4.call(CuratorFrameworkImpl.java:257)
	at java.util.concurrent.FutureTask.run(FutureTask.java:266)
	at java.util.concurrent.ThreadPoolExecutor.runWorker(ThreadPoolExecutor.java:1149)
	at java.util.concurrent.ThreadPoolExecutor$Worker.run(ThreadPoolExecutor.java:624)
	at java.lang.Thread.run(Thread.java:748)
2020-06-18 16:51:31.680 ERROR[Curator-Framework-0]org.apache.curator.framework.imps.CuratorFrameworkImpl.logError:537 -Background operation retry gave up
org.apache.zookeeper.KeeperException$ConnectionLossException: KeeperErrorCode = ConnectionLoss
	at org.apache.zookeeper.KeeperException.create(KeeperException.java:99)
	at org.apache.curator.framework.imps.CuratorFrameworkImpl.checkBackgroundRetry(CuratorFrameworkImpl.java:708)
	at org.apache.curator.framework.imps.CuratorFrameworkImpl.performBackgroundOperation(CuratorFrameworkImpl.java:826)
	at org.apache.curator.framework.imps.CuratorFrameworkImpl.backgroundOperationsLoop(CuratorFrameworkImpl.java:792)
	at org.apache.curator.framework.imps.CuratorFrameworkImpl.access$300(CuratorFrameworkImpl.java:62)
	at org.apache.curator.framework.imps.CuratorFrameworkImpl$4.call(CuratorFrameworkImpl.java:257)
	at java.util.concurrent.FutureTask.run(FutureTask.java:266)
	at java.util.concurrent.ThreadPoolExecutor.runWorker(ThreadPoolExecutor.java:1149)
	at java.util.concurrent.ThreadPoolExecutor$Worker.run(ThreadPoolExecutor.java:624)
	at java.lang.Thread.run(Thread.java:748)
2020-06-18 16:51:31.680 ERROR[Curator-Framework-0]org.apache.curator.framework.imps.CuratorFrameworkImpl.logError:537 -Background retry gave up
org.apache.curator.CuratorConnectionLossException: KeeperErrorCode = ConnectionLoss
	at org.apache.curator.ConnectionState.checkTimeouts(ConnectionState.java:197)
	at org.apache.curator.ConnectionState.getZooKeeper(ConnectionState.java:87)
	at org.apache.curator.CuratorZookeeperClient.getZooKeeper(CuratorZookeeperClient.java:115)
	at org.apache.curator.framework.imps.CuratorFrameworkImpl.performBackgroundOperation(CuratorFrameworkImpl.java:806)
	at org.apache.curator.framework.imps.CuratorFrameworkImpl.backgroundOperationsLoop(CuratorFrameworkImpl.java:792)
	at org.apache.curator.framework.imps.CuratorFrameworkImpl.access$300(CuratorFrameworkImpl.java:62)
	at org.apache.curator.framework.imps.CuratorFrameworkImpl$4.call(CuratorFrameworkImpl.java:257)
	at java.util.concurrent.FutureTask.run(FutureTask.java:266)
	at java.util.concurrent.ThreadPoolExecutor.runWorker(ThreadPoolExecutor.java:1149)
	at java.util.concurrent.ThreadPoolExecutor$Worker.run(ThreadPoolExecutor.java:624)
	at java.lang.Thread.run(Thread.java:748)
2020-06-18 16:51:33.059 ERROR[main]org.springframework.boot.SpringApplication.reportFailure:826 -Application run failed
org.springframework.beans.factory.BeanCreationException: Error creating bean with name 'contentController': Injection of @Reference dependencies is failed; nested exception is java.lang.IllegalStateException: Failed to check the status of the service com.e3mall.content.service.ContentService. No provider available for the service com.e3mall.content.service.ContentService from the url zookeeper://192.168.10.101:2181/org.apache.dubbo.registry.RegistryService?application=manager-web&dubbo=2.0.2&generic=false&interface=com.e3mall.content.service.ContentService&lazy=false&methods=getContentListByCid,addContent&pid=4049&qos.enable=false&register.ip=192.168.43.244&release=2.7.3&side=consumer&sticky=false&timestamp=1592470290588 to the consumer 192.168.43.244 use dubbo version 2.7.3
	at org.apache.dubbo.config.spring.beans.factory.annotation.AnnotationInjectedBeanPostProcessor.postProcessPropertyValues(AnnotationInjectedBeanPostProcessor.java:151)
	at org.springframework.beans.factory.support.AbstractAutowireCapableBeanFactory.populateBean(AbstractAutowireCapableBeanFactory.java:1427)
	at org.springframework.beans.factory.support.AbstractAutowireCapableBeanFactory.doCreateBean(AbstractAutowireCapableBeanFactory.java:594)
	at org.springframework.beans.factory.support.AbstractAutowireCapableBeanFactory.createBean(AbstractAutowireCapableBeanFactory.java:517)
	at org.springframework.beans.factory.support.AbstractBeanFactory.lambda$doGetBean$0(AbstractBeanFactory.java:323)
	at org.springframework.beans.factory.support.DefaultSingletonBeanRegistry.getSingleton(DefaultSingletonBeanRegistry.java:226)
	at org.springframework.beans.factory.support.AbstractBeanFactory.doGetBean(AbstractBeanFactory.java:321)
	at org.springframework.beans.factory.support.AbstractBeanFactory.getBean(AbstractBeanFactory.java:202)
	at org.springframework.beans.factory.support.DefaultListableBeanFactory.preInstantiateSingletons(DefaultListableBeanFactory.java:895)
	at org.springframework.context.support.AbstractApplicationContext.finishBeanFactoryInitialization(AbstractApplicationContext.java:878)
	at org.springframework.context.support.AbstractApplicationContext.refresh(AbstractApplicationContext.java:550)
	at org.springframework.boot.web.servlet.context.ServletWebServerApplicationContext.refresh(ServletWebServerApplicationContext.java:141)
	at org.springframework.boot.SpringApplication.refresh(SpringApplication.java:747)
	at org.springframework.boot.SpringApplication.refreshContext(SpringApplication.java:397)
	at org.springframework.boot.SpringApplication.run(SpringApplication.java:315)
	at org.springframework.boot.SpringApplication.run(SpringApplication.java:1226)
	at org.springframework.boot.SpringApplication.run(SpringApplication.java:1215)
	at com.e3mall.E3ManagerWebApplication.main(E3ManagerWebApplication.java:11)
Caused by: java.lang.IllegalStateException: Failed to check the status of the service com.e3mall.content.service.ContentService. No provider available for the service com.e3mall.content.service.ContentService from the url zookeeper://192.168.10.101:2181/org.apache.dubbo.registry.RegistryService?application=manager-web&dubbo=2.0.2&generic=false&interface=com.e3mall.content.service.ContentService&lazy=false&methods=getContentListByCid,addContent&pid=4049&qos.enable=false&register.ip=192.168.43.244&release=2.7.3&side=consumer&sticky=false&timestamp=1592470290588 to the consumer 192.168.43.244 use dubbo version 2.7.3
	at org.apache.dubbo.config.ReferenceConfig.createProxy(ReferenceConfig.java:418)
	at org.apache.dubbo.config.ReferenceConfig.init(ReferenceConfig.java:329)
	at org.apache.dubbo.config.ReferenceConfig.get(ReferenceConfig.java:250)
	at org.apache.dubbo.config.spring.beans.factory.annotation.ReferenceAnnotationBeanPostProcessor$ReferenceBeanInvocationHandler.init(ReferenceAnnotationBeanPostProcessor.java:269)
	at org.apache.dubbo.config.spring.beans.factory.annotation.ReferenceAnnotationBeanPostProcessor$ReferenceBeanInvocationHandler.access$100(ReferenceAnnotationBeanPostProcessor.java:242)
	at org.apache.dubbo.config.spring.beans.factory.annotation.ReferenceAnnotationBeanPostProcessor.buildInvocationHandler(ReferenceAnnotationBeanPostProcessor.java:236)
	at org.apache.dubbo.config.spring.beans.factory.annotation.ReferenceAnnotationBeanPostProcessor.buildProxy(ReferenceAnnotationBeanPostProcessor.java:219)
	at org.apache.dubbo.config.spring.beans.factory.annotation.ReferenceAnnotationBeanPostProcessor.doGetInjectedBean(ReferenceAnnotationBeanPostProcessor.java:134)
	at org.apache.dubbo.config.spring.beans.factory.annotation.AnnotationInjectedBeanPostProcessor.getInjectedObject(AnnotationInjectedBeanPostProcessor.java:360)
	at org.apache.dubbo.config.spring.beans.factory.annotation.AnnotationInjectedBeanPostProcessor$AnnotatedFieldElement.inject(AnnotationInjectedBeanPostProcessor.java:540)
	at org.springframework.beans.factory.annotation.InjectionMetadata.inject(InjectionMetadata.java:130)
	at org.apache.dubbo.config.spring.beans.factory.annotation.AnnotationInjectedBeanPostProcessor.postProcessPropertyValues(AnnotationInjectedBeanPostProcessor.java:147)
	... 17 common frames omitted
2020-06-18 16:56:00.955 ERROR[main-EventThread]org.apache.curator.framework.imps.CuratorFrameworkImpl.logError:546 -Background exception was not retry-able or retry gave up
java.lang.IllegalStateException: instance must be started before calling this method
	at com.google.common.base.Preconditions.checkState(Preconditions.java:176)
	at org.apache.curator.framework.imps.CuratorFrameworkImpl.checkExists(CuratorFrameworkImpl.java:355)
	at org.apache.curator.framework.recipes.cache.TreeCache$TreeNode.wasDeleted(TreeCache.java:295)
	at org.apache.curator.framework.recipes.cache.TreeCache$TreeNode.processResult(TreeCache.java:351)
	at org.apache.curator.framework.imps.CuratorFrameworkImpl.sendToBackgroundCallback(CuratorFrameworkImpl.java:728)
	at org.apache.curator.framework.imps.CuratorFrameworkImpl.processBackgroundOperation(CuratorFrameworkImpl.java:505)
	at org.apache.curator.framework.imps.ExistsBuilderImpl$1.processResult(ExistsBuilderImpl.java:123)
	at org.apache.zookeeper.ClientCnxn$EventThread.processEvent(ClientCnxn.java:555)
	at org.apache.zookeeper.ClientCnxn$EventThread.run(ClientCnxn.java:498)
2020-06-18 16:56:00.956 ERROR[main-EventThread]org.apache.curator.framework.imps.CuratorFrameworkImpl.logError:546 -Background exception was not retry-able or retry gave up
java.lang.IllegalStateException: instance must be started before calling this method
	at com.google.common.base.Preconditions.checkState(Preconditions.java:176)
	at org.apache.curator.framework.imps.CuratorFrameworkImpl.checkExists(CuratorFrameworkImpl.java:355)
	at org.apache.curator.framework.recipes.cache.TreeCache$TreeNode.wasDeleted(TreeCache.java:295)
	at org.apache.curator.framework.recipes.cache.TreeCache$TreeNode.processResult(TreeCache.java:351)
	at org.apache.curator.framework.imps.CuratorFrameworkImpl.sendToBackgroundCallback(CuratorFrameworkImpl.java:728)
	at org.apache.curator.framework.imps.CuratorFrameworkImpl.processBackgroundOperation(CuratorFrameworkImpl.java:505)
	at org.apache.curator.framework.imps.ExistsBuilderImpl$1.processResult(ExistsBuilderImpl.java:123)
	at org.apache.zookeeper.ClientCnxn$EventThread.processEvent(ClientCnxn.java:555)
	at org.apache.zookeeper.ClientCnxn$EventThread.run(ClientCnxn.java:498)
2020-06-18 16:56:01.051 ERROR[restartedMain-EventThread]org.apache.curator.framework.imps.CuratorFrameworkImpl.logError:546 -Background exception was not retry-able or retry gave up
java.lang.IllegalStateException: instance must be started before calling this method
	at com.google.common.base.Preconditions.checkState(Preconditions.java:176)
	at org.apache.curator.framework.imps.CuratorFrameworkImpl.checkExists(CuratorFrameworkImpl.java:355)
	at org.apache.curator.framework.recipes.cache.TreeCache$TreeNode.wasDeleted(TreeCache.java:295)
	at org.apache.curator.framework.recipes.cache.TreeCache$TreeNode.processResult(TreeCache.java:351)
	at org.apache.curator.framework.imps.CuratorFrameworkImpl.sendToBackgroundCallback(CuratorFrameworkImpl.java:728)
	at org.apache.curator.framework.imps.CuratorFrameworkImpl.processBackgroundOperation(CuratorFrameworkImpl.java:505)
	at org.apache.curator.framework.imps.ExistsBuilderImpl$1.processResult(ExistsBuilderImpl.java:123)
	at org.apache.zookeeper.ClientCnxn$EventThread.processEvent(ClientCnxn.java:555)
	at org.apache.zookeeper.ClientCnxn$EventThread.run(ClientCnxn.java:498)
2020-06-18 16:56:01.074 ERROR[restartedMain-EventThread]org.apache.curator.framework.imps.CuratorFrameworkImpl.logError:546 -Background exception was not retry-able or retry gave up
java.lang.IllegalStateException: instance must be started before calling this method
	at com.google.common.base.Preconditions.checkState(Preconditions.java:176)
	at org.apache.curator.framework.imps.CuratorFrameworkImpl.checkExists(CuratorFrameworkImpl.java:355)
	at org.apache.curator.framework.recipes.cache.TreeCache$TreeNode.wasDeleted(TreeCache.java:295)
	at org.apache.curator.framework.recipes.cache.TreeCache$TreeNode.processResult(TreeCache.java:351)
	at org.apache.curator.framework.imps.CuratorFrameworkImpl.sendToBackgroundCallback(CuratorFrameworkImpl.java:728)
	at org.apache.curator.framework.imps.CuratorFrameworkImpl.processBackgroundOperation(CuratorFrameworkImpl.java:505)
	at org.apache.curator.framework.imps.ExistsBuilderImpl$1.processResult(ExistsBuilderImpl.java:123)
	at org.apache.zookeeper.ClientCnxn$EventThread.processEvent(ClientCnxn.java:555)
	at org.apache.zookeeper.ClientCnxn$EventThread.run(ClientCnxn.java:498)
2020-06-18 17:35:11.431 ERROR[http-nio-8025-exec-2]com.e3mall.mapper.controller.SearchItemController.importItemList:27 -this is error level
2020-06-18 17:35:19.508 ERROR[http-nio-8025-exec-2]o.a.c.c.C.[Tomcat].[localhost].[/].[dispatcherServlet].log:175 -Servlet.service() for servlet [dispatcherServlet] in context with path [] threw exception [Request processing failed; nested exception is org.apache.dubbo.rpc.RpcException: Failed to invoke the method importAllItems in the service com.e3mall.search.service.SearchItemService. Tried 4 times of the providers [192.168.3.76:20884] (1/1) from the registry 192.168.10.101:2181 on the consumer 192.168.3.76 using the dubbo version 2.7.3. Last error is: Invoke remote method timeout. method: importAllItems, provider: dubbo://192.168.3.76:20884/com.e3mall.search.service.SearchItemService?anyhost=true&application=manager-web&bean.name=ServiceBean:com.e3mall.search.service.SearchItemService&check=false&deprecated=false&dubbo=2.0.2&dynamic=true&generic=false&interface=com.e3mall.search.service.SearchItemService&lazy=false&methods=importAllItems&pid=4396&qos.enable=false&register=true&register.ip=192.168.3.76&release=2.7.3&remote.application=e3-search&retries=3&side=consumer&sticky=false&timeout=2000&timestamp=1592472840094, cause: org.apache.dubbo.remoting.TimeoutException: Waiting server-side response timeout by scan timer. start time: 2020-06-18 17:35:17.491, end time: 2020-06-18 17:35:19.499, client elapsed: 0 ms, server elapsed: 2008 ms, timeout: 2000 ms, request: Request [id=6, version=2.0.2, twoway=true, event=false, broken=false, data=RpcInvocation [methodName=importAllItems, parameterTypes=[], arguments=[], attachments={path=com.e3mall.search.service.SearchItemService, interface=com.e3mall.search.service.SearchItemService, version=0.0.0, timeout=2000}]], channel: /192.168.3.76:39044 -> /192.168.3.76:20884] with root cause
org.apache.dubbo.remoting.TimeoutException: Waiting server-side response timeout by scan timer. start time: 2020-06-18 17:35:17.491, end time: 2020-06-18 17:35:19.499, client elapsed: 0 ms, server elapsed: 2008 ms, timeout: 2000 ms, request: Request [id=6, version=2.0.2, twoway=true, event=false, broken=false, data=RpcInvocation [methodName=importAllItems, parameterTypes=[], arguments=[], attachments={path=com.e3mall.search.service.SearchItemService, interface=com.e3mall.search.service.SearchItemService, version=0.0.0, timeout=2000}]], channel: /192.168.3.76:39044 -> /192.168.3.76:20884
	at org.apache.dubbo.remoting.exchange.support.DefaultFuture.doReceived(DefaultFuture.java:189)
	at org.apache.dubbo.remoting.exchange.support.DefaultFuture.received(DefaultFuture.java:153)
	at org.apache.dubbo.remoting.exchange.support.DefaultFuture$TimeoutCheckTask.run(DefaultFuture.java:252)
	at org.apache.dubbo.common.timer.HashedWheelTimer$HashedWheelTimeout.expire(HashedWheelTimer.java:648)
	at org.apache.dubbo.common.timer.HashedWheelTimer$HashedWheelBucket.expireTimeouts(HashedWheelTimer.java:727)
	at org.apache.dubbo.common.timer.HashedWheelTimer$Worker.run(HashedWheelTimer.java:449)
	at java.lang.Thread.run(Thread.java:748)
2020-06-18 17:39:05.435 ERROR[restartedMain-EventThread]org.apache.curator.framework.imps.CuratorFrameworkImpl.logError:546 -Background exception was not retry-able or retry gave up
java.lang.IllegalStateException: instance must be started before calling this method
	at com.google.common.base.Preconditions.checkState(Preconditions.java:176)
	at org.apache.curator.framework.imps.CuratorFrameworkImpl.checkExists(CuratorFrameworkImpl.java:355)
	at org.apache.curator.framework.recipes.cache.TreeCache$TreeNode.wasDeleted(TreeCache.java:295)
	at org.apache.curator.framework.recipes.cache.TreeCache$TreeNode.processResult(TreeCache.java:351)
	at org.apache.curator.framework.imps.CuratorFrameworkImpl.sendToBackgroundCallback(CuratorFrameworkImpl.java:728)
	at org.apache.curator.framework.imps.CuratorFrameworkImpl.processBackgroundOperation(CuratorFrameworkImpl.java:505)
	at org.apache.curator.framework.imps.ExistsBuilderImpl$1.processResult(ExistsBuilderImpl.java:123)
	at org.apache.zookeeper.ClientCnxn$EventThread.processEvent(ClientCnxn.java:555)
	at org.apache.zookeeper.ClientCnxn$EventThread.run(ClientCnxn.java:498)
2020-06-18 17:39:05.438 ERROR[restartedMain-EventThread]org.apache.curator.framework.imps.CuratorFrameworkImpl.logError:546 -Background exception was not retry-able or retry gave up
java.lang.IllegalStateException: instance must be started before calling this method
	at com.google.common.base.Preconditions.checkState(Preconditions.java:176)
	at org.apache.curator.framework.imps.CuratorFrameworkImpl.checkExists(CuratorFrameworkImpl.java:355)
	at org.apache.curator.framework.recipes.cache.TreeCache$TreeNode.wasDeleted(TreeCache.java:295)
	at org.apache.curator.framework.recipes.cache.TreeCache$TreeNode.processResult(TreeCache.java:351)
	at org.apache.curator.framework.imps.CuratorFrameworkImpl.sendToBackgroundCallback(CuratorFrameworkImpl.java:728)
	at org.apache.curator.framework.imps.CuratorFrameworkImpl.processBackgroundOperation(CuratorFrameworkImpl.java:505)
	at org.apache.curator.framework.imps.ExistsBuilderImpl$1.processResult(ExistsBuilderImpl.java:123)
	at org.apache.zookeeper.ClientCnxn$EventThread.processEvent(ClientCnxn.java:555)
	at org.apache.zookeeper.ClientCnxn$EventThread.run(ClientCnxn.java:498)
2020-06-18 17:39:05.540 ERROR[main-EventThread]org.apache.curator.framework.imps.CuratorFrameworkImpl.logError:546 -Background exception was not retry-able or retry gave up
java.lang.IllegalStateException: instance must be started before calling this method
	at com.google.common.base.Preconditions.checkState(Preconditions.java:176)
	at org.apache.curator.framework.imps.CuratorFrameworkImpl.checkExists(CuratorFrameworkImpl.java:355)
	at org.apache.curator.framework.recipes.cache.TreeCache$TreeNode.wasDeleted(TreeCache.java:295)
	at org.apache.curator.framework.recipes.cache.TreeCache$TreeNode.processResult(TreeCache.java:351)
	at org.apache.curator.framework.imps.CuratorFrameworkImpl.sendToBackgroundCallback(CuratorFrameworkImpl.java:728)
	at org.apache.curator.framework.imps.CuratorFrameworkImpl.processBackgroundOperation(CuratorFrameworkImpl.java:505)
	at org.apache.curator.framework.imps.ExistsBuilderImpl$1.processResult(ExistsBuilderImpl.java:123)
	at org.apache.zookeeper.ClientCnxn$EventThread.processEvent(ClientCnxn.java:555)
	at org.apache.zookeeper.ClientCnxn$EventThread.run(ClientCnxn.java:498)
2020-06-18 17:39:05.544 ERROR[main-EventThread]org.apache.curator.framework.imps.CuratorFrameworkImpl.logError:546 -Background exception was not retry-able or retry gave up
java.lang.IllegalStateException: instance must be started before calling this method
	at com.google.common.base.Preconditions.checkState(Preconditions.java:176)
	at org.apache.curator.framework.imps.CuratorFrameworkImpl.checkExists(CuratorFrameworkImpl.java:355)
	at org.apache.curator.framework.recipes.cache.TreeCache$TreeNode.wasDeleted(TreeCache.java:295)
	at org.apache.curator.framework.recipes.cache.TreeCache$TreeNode.processResult(TreeCache.java:351)
	at org.apache.curator.framework.imps.CuratorFrameworkImpl.sendToBackgroundCallback(CuratorFrameworkImpl.java:728)
	at org.apache.curator.framework.imps.CuratorFrameworkImpl.processBackgroundOperation(CuratorFrameworkImpl.java:505)
	at org.apache.curator.framework.imps.ExistsBuilderImpl$1.processResult(ExistsBuilderImpl.java:123)
	at org.apache.zookeeper.ClientCnxn$EventThread.processEvent(ClientCnxn.java:555)
	at org.apache.zookeeper.ClientCnxn$EventThread.run(ClientCnxn.java:498)
2020-06-18 17:39:05.809 ERROR[main-EventThread]org.apache.curator.framework.imps.CuratorFrameworkImpl.logError:546 -Background exception was not retry-able or retry gave up
java.lang.IllegalStateException: instance must be started before calling this method
	at com.google.common.base.Preconditions.checkState(Preconditions.java:176)
	at org.apache.curator.framework.imps.CuratorFrameworkImpl.checkExists(CuratorFrameworkImpl.java:355)
	at org.apache.curator.framework.recipes.cache.TreeCache$TreeNode.wasDeleted(TreeCache.java:295)
	at org.apache.curator.framework.recipes.cache.TreeCache$TreeNode.processResult(TreeCache.java:351)
	at org.apache.curator.framework.imps.CuratorFrameworkImpl.sendToBackgroundCallback(CuratorFrameworkImpl.java:728)
	at org.apache.curator.framework.imps.CuratorFrameworkImpl.processBackgroundOperation(CuratorFrameworkImpl.java:505)
	at org.apache.curator.framework.imps.ExistsBuilderImpl$1.processResult(ExistsBuilderImpl.java:123)
	at org.apache.zookeeper.ClientCnxn$EventThread.processEvent(ClientCnxn.java:555)
	at org.apache.zookeeper.ClientCnxn$EventThread.run(ClientCnxn.java:498)
2020-06-18 17:39:05.810 ERROR[main-EventThread]org.apache.curator.framework.imps.CuratorFrameworkImpl.logError:546 -Background exception was not retry-able or retry gave up
java.lang.IllegalStateException: instance must be started before calling this method
	at com.google.common.base.Preconditions.checkState(Preconditions.java:176)
	at org.apache.curator.framework.imps.CuratorFrameworkImpl.checkExists(CuratorFrameworkImpl.java:355)
	at org.apache.curator.framework.recipes.cache.TreeCache$TreeNode.wasDeleted(TreeCache.java:295)
	at org.apache.curator.framework.recipes.cache.TreeCache$TreeNode.processResult(TreeCache.java:351)
	at org.apache.curator.framework.imps.CuratorFrameworkImpl.sendToBackgroundCallback(CuratorFrameworkImpl.java:728)
	at org.apache.curator.framework.imps.CuratorFrameworkImpl.processBackgroundOperation(CuratorFrameworkImpl.java:505)
	at org.apache.curator.framework.imps.ExistsBuilderImpl$1.processResult(ExistsBuilderImpl.java:123)
	at org.apache.zookeeper.ClientCnxn$EventThread.processEvent(ClientCnxn.java:555)
	at org.apache.zookeeper.ClientCnxn$EventThread.run(ClientCnxn.java:498)
2020-06-18 18:22:22.178 ERROR[restartedMain-EventThread]org.apache.curator.framework.imps.CuratorFrameworkImpl.logError:546 -Background exception was not retry-able or retry gave up
java.lang.IllegalStateException: instance must be started before calling this method
	at com.google.common.base.Preconditions.checkState(Preconditions.java:176)
	at org.apache.curator.framework.imps.CuratorFrameworkImpl.checkExists(CuratorFrameworkImpl.java:355)
	at org.apache.curator.framework.recipes.cache.TreeCache$TreeNode.wasDeleted(TreeCache.java:295)
	at org.apache.curator.framework.recipes.cache.TreeCache$TreeNode.processResult(TreeCache.java:351)
	at org.apache.curator.framework.imps.CuratorFrameworkImpl.sendToBackgroundCallback(CuratorFrameworkImpl.java:728)
	at org.apache.curator.framework.imps.CuratorFrameworkImpl.processBackgroundOperation(CuratorFrameworkImpl.java:505)
	at org.apache.curator.framework.imps.ExistsBuilderImpl$1.processResult(ExistsBuilderImpl.java:123)
	at org.apache.zookeeper.ClientCnxn$EventThread.processEvent(ClientCnxn.java:555)
	at org.apache.zookeeper.ClientCnxn$EventThread.run(ClientCnxn.java:498)
2020-06-18 18:22:22.180 ERROR[restartedMain-EventThread]org.apache.curator.framework.imps.CuratorFrameworkImpl.logError:546 -Background exception was not retry-able or retry gave up
java.lang.IllegalStateException: instance must be started before calling this method
	at com.google.common.base.Preconditions.checkState(Preconditions.java:176)
	at org.apache.curator.framework.imps.CuratorFrameworkImpl.checkExists(CuratorFrameworkImpl.java:355)
	at org.apache.curator.framework.recipes.cache.TreeCache$TreeNode.wasDeleted(TreeCache.java:295)
	at org.apache.curator.framework.recipes.cache.TreeCache$TreeNode.processResult(TreeCache.java:351)
	at org.apache.curator.framework.imps.CuratorFrameworkImpl.sendToBackgroundCallback(CuratorFrameworkImpl.java:728)
	at org.apache.curator.framework.imps.CuratorFrameworkImpl.processBackgroundOperation(CuratorFrameworkImpl.java:505)
	at org.apache.curator.framework.imps.ExistsBuilderImpl$1.processResult(ExistsBuilderImpl.java:123)
	at org.apache.zookeeper.ClientCnxn$EventThread.processEvent(ClientCnxn.java:555)
	at org.apache.zookeeper.ClientCnxn$EventThread.run(ClientCnxn.java:498)
2020-06-18 18:22:22.248 ERROR[main-EventThread]org.apache.curator.framework.imps.CuratorFrameworkImpl.logError:546 -Background exception was not retry-able or retry gave up
java.lang.IllegalStateException: instance must be started before calling this method
	at com.google.common.base.Preconditions.checkState(Preconditions.java:176)
	at org.apache.curator.framework.imps.CuratorFrameworkImpl.checkExists(CuratorFrameworkImpl.java:355)
	at org.apache.curator.framework.recipes.cache.TreeCache$TreeNode.wasDeleted(TreeCache.java:295)
	at org.apache.curator.framework.recipes.cache.TreeCache$TreeNode.processResult(TreeCache.java:351)
	at org.apache.curator.framework.imps.CuratorFrameworkImpl.sendToBackgroundCallback(CuratorFrameworkImpl.java:728)
	at org.apache.curator.framework.imps.CuratorFrameworkImpl.processBackgroundOperation(CuratorFrameworkImpl.java:505)
	at org.apache.curator.framework.imps.ExistsBuilderImpl$1.processResult(ExistsBuilderImpl.java:123)
	at org.apache.zookeeper.ClientCnxn$EventThread.processEvent(ClientCnxn.java:555)
	at org.apache.zookeeper.ClientCnxn$EventThread.run(ClientCnxn.java:498)
2020-06-18 18:22:22.249 ERROR[main-EventThread]org.apache.curator.framework.imps.CuratorFrameworkImpl.logError:546 -Background exception was not retry-able or retry gave up
java.lang.IllegalStateException: instance must be started before calling this method
	at com.google.common.base.Preconditions.checkState(Preconditions.java:176)
	at org.apache.curator.framework.imps.CuratorFrameworkImpl.checkExists(CuratorFrameworkImpl.java:355)
	at org.apache.curator.framework.recipes.cache.TreeCache$TreeNode.wasDeleted(TreeCache.java:295)
	at org.apache.curator.framework.recipes.cache.TreeCache$TreeNode.processResult(TreeCache.java:351)
	at org.apache.curator.framework.imps.CuratorFrameworkImpl.sendToBackgroundCallback(CuratorFrameworkImpl.java:728)
	at org.apache.curator.framework.imps.CuratorFrameworkImpl.processBackgroundOperation(CuratorFrameworkImpl.java:505)
	at org.apache.curator.framework.imps.ExistsBuilderImpl$1.processResult(ExistsBuilderImpl.java:123)
	at org.apache.zookeeper.ClientCnxn$EventThread.processEvent(ClientCnxn.java:555)
	at org.apache.zookeeper.ClientCnxn$EventThread.run(ClientCnxn.java:498)
2020-06-18 18:29:54.036 ERROR[main]org.springframework.boot.SpringApplication.reportFailure:826 -Application run failed
org.springframework.beans.factory.BeanCreationException: Error creating bean with name 'itemCatController': Injection of @Reference dependencies is failed; nested exception is java.lang.IllegalStateException: Failed to check the status of the service com.e3mall.mansger.service.ItemCatService. No provider available for the service com.e3mall.mansger.service.ItemCatService from the url zookeeper://192.168.10.101:2181/org.apache.dubbo.registry.RegistryService?application=manager-web&dubbo=2.0.2&generic=false&interface=com.e3mall.mansger.service.ItemCatService&lazy=false&methods=getItemCatlist,getListDome&pid=4016&qos.enable=false&register.ip=192.168.3.76&release=2.7.3&side=consumer&sticky=false&timestamp=1592476193362 to the consumer 192.168.3.76 use dubbo version 2.7.3
	at org.apache.dubbo.config.spring.beans.factory.annotation.AnnotationInjectedBeanPostProcessor.postProcessPropertyValues(AnnotationInjectedBeanPostProcessor.java:151)
	at org.springframework.beans.factory.support.AbstractAutowireCapableBeanFactory.populateBean(AbstractAutowireCapableBeanFactory.java:1427)
	at org.springframework.beans.factory.support.AbstractAutowireCapableBeanFactory.doCreateBean(AbstractAutowireCapableBeanFactory.java:594)
	at org.springframework.beans.factory.support.AbstractAutowireCapableBeanFactory.createBean(AbstractAutowireCapableBeanFactory.java:517)
	at org.springframework.beans.factory.support.AbstractBeanFactory.lambda$doGetBean$0(AbstractBeanFactory.java:323)
	at org.springframework.beans.factory.support.DefaultSingletonBeanRegistry.getSingleton(DefaultSingletonBeanRegistry.java:226)
	at org.springframework.beans.factory.support.AbstractBeanFactory.doGetBean(AbstractBeanFactory.java:321)
	at org.springframework.beans.factory.support.AbstractBeanFactory.getBean(AbstractBeanFactory.java:202)
	at org.springframework.beans.factory.support.DefaultListableBeanFactory.preInstantiateSingletons(DefaultListableBeanFactory.java:895)
	at org.springframework.context.support.AbstractApplicationContext.finishBeanFactoryInitialization(AbstractApplicationContext.java:878)
	at org.springframework.context.support.AbstractApplicationContext.refresh(AbstractApplicationContext.java:550)
	at org.springframework.boot.web.servlet.context.ServletWebServerApplicationContext.refresh(ServletWebServerApplicationContext.java:141)
	at org.springframework.boot.SpringApplication.refresh(SpringApplication.java:747)
	at org.springframework.boot.SpringApplication.refreshContext(SpringApplication.java:397)
	at org.springframework.boot.SpringApplication.run(SpringApplication.java:315)
	at org.springframework.boot.SpringApplication.run(SpringApplication.java:1226)
	at org.springframework.boot.SpringApplication.run(SpringApplication.java:1215)
	at com.e3mall.E3ManagerWebApplication.main(E3ManagerWebApplication.java:11)
Caused by: java.lang.IllegalStateException: Failed to check the status of the service com.e3mall.mansger.service.ItemCatService. No provider available for the service com.e3mall.mansger.service.ItemCatService from the url zookeeper://192.168.10.101:2181/org.apache.dubbo.registry.RegistryService?application=manager-web&dubbo=2.0.2&generic=false&interface=com.e3mall.mansger.service.ItemCatService&lazy=false&methods=getItemCatlist,getListDome&pid=4016&qos.enable=false&register.ip=192.168.3.76&release=2.7.3&side=consumer&sticky=false&timestamp=1592476193362 to the consumer 192.168.3.76 use dubbo version 2.7.3
	at org.apache.dubbo.config.ReferenceConfig.createProxy(ReferenceConfig.java:418)
	at org.apache.dubbo.config.ReferenceConfig.init(ReferenceConfig.java:329)
	at org.apache.dubbo.config.ReferenceConfig.get(ReferenceConfig.java:250)
	at org.apache.dubbo.config.spring.beans.factory.annotation.ReferenceAnnotationBeanPostProcessor$ReferenceBeanInvocationHandler.init(ReferenceAnnotationBeanPostProcessor.java:269)
	at org.apache.dubbo.config.spring.beans.factory.annotation.ReferenceAnnotationBeanPostProcessor$ReferenceBeanInvocationHandler.access$100(ReferenceAnnotationBeanPostProcessor.java:242)
	at org.apache.dubbo.config.spring.beans.factory.annotation.ReferenceAnnotationBeanPostProcessor.buildInvocationHandler(ReferenceAnnotationBeanPostProcessor.java:236)
	at org.apache.dubbo.config.spring.beans.factory.annotation.ReferenceAnnotationBeanPostProcessor.buildProxy(ReferenceAnnotationBeanPostProcessor.java:219)
	at org.apache.dubbo.config.spring.beans.factory.annotation.ReferenceAnnotationBeanPostProcessor.doGetInjectedBean(ReferenceAnnotationBeanPostProcessor.java:134)
	at org.apache.dubbo.config.spring.beans.factory.annotation.AnnotationInjectedBeanPostProcessor.getInjectedObject(AnnotationInjectedBeanPostProcessor.java:360)
	at org.apache.dubbo.config.spring.beans.factory.annotation.AnnotationInjectedBeanPostProcessor$AnnotatedFieldElement.inject(AnnotationInjectedBeanPostProcessor.java:540)
	at org.springframework.beans.factory.annotation.InjectionMetadata.inject(InjectionMetadata.java:130)
	at org.apache.dubbo.config.spring.beans.factory.annotation.AnnotationInjectedBeanPostProcessor.postProcessPropertyValues(AnnotationInjectedBeanPostProcessor.java:147)
	... 17 common frames omitted
2020-06-18 18:34:46.957 ERROR[restartedMain-EventThread]org.apache.curator.framework.imps.CuratorFrameworkImpl.logError:546 -Background exception was not retry-able or retry gave up
java.lang.IllegalStateException: instance must be started before calling this method
	at com.google.common.base.Preconditions.checkState(Preconditions.java:176)
	at org.apache.curator.framework.imps.CuratorFrameworkImpl.checkExists(CuratorFrameworkImpl.java:355)
	at org.apache.curator.framework.recipes.cache.TreeCache$TreeNode.wasDeleted(TreeCache.java:295)
	at org.apache.curator.framework.recipes.cache.TreeCache$TreeNode.processResult(TreeCache.java:351)
	at org.apache.curator.framework.imps.CuratorFrameworkImpl.sendToBackgroundCallback(CuratorFrameworkImpl.java:728)
	at org.apache.curator.framework.imps.CuratorFrameworkImpl.processBackgroundOperation(CuratorFrameworkImpl.java:505)
	at org.apache.curator.framework.imps.ExistsBuilderImpl$1.processResult(ExistsBuilderImpl.java:123)
	at org.apache.zookeeper.ClientCnxn$EventThread.processEvent(ClientCnxn.java:555)
	at org.apache.zookeeper.ClientCnxn$EventThread.run(ClientCnxn.java:498)
2020-06-18 18:34:46.962 ERROR[restartedMain-EventThread]org.apache.curator.framework.imps.CuratorFrameworkImpl.logError:546 -Background exception was not retry-able or retry gave up
java.lang.IllegalStateException: instance must be started before calling this method
	at com.google.common.base.Preconditions.checkState(Preconditions.java:176)
	at org.apache.curator.framework.imps.CuratorFrameworkImpl.checkExists(CuratorFrameworkImpl.java:355)
	at org.apache.curator.framework.recipes.cache.TreeCache$TreeNode.wasDeleted(TreeCache.java:295)
	at org.apache.curator.framework.recipes.cache.TreeCache$TreeNode.processResult(TreeCache.java:351)
	at org.apache.curator.framework.imps.CuratorFrameworkImpl.sendToBackgroundCallback(CuratorFrameworkImpl.java:728)
	at org.apache.curator.framework.imps.CuratorFrameworkImpl.processBackgroundOperation(CuratorFrameworkImpl.java:505)
	at org.apache.curator.framework.imps.ExistsBuilderImpl$1.processResult(ExistsBuilderImpl.java:123)
	at org.apache.zookeeper.ClientCnxn$EventThread.processEvent(ClientCnxn.java:555)
	at org.apache.zookeeper.ClientCnxn$EventThread.run(ClientCnxn.java:498)
2020-06-18 18:34:47.060 ERROR[main-EventThread]org.apache.curator.framework.imps.CuratorFrameworkImpl.logError:546 -Background exception was not retry-able or retry gave up
java.lang.IllegalStateException: instance must be started before calling this method
	at com.google.common.base.Preconditions.checkState(Preconditions.java:176)
	at org.apache.curator.framework.imps.CuratorFrameworkImpl.checkExists(CuratorFrameworkImpl.java:355)
	at org.apache.curator.framework.recipes.cache.TreeCache$TreeNode.wasDeleted(TreeCache.java:295)
	at org.apache.curator.framework.recipes.cache.TreeCache$TreeNode.processResult(TreeCache.java:351)
	at org.apache.curator.framework.imps.CuratorFrameworkImpl.sendToBackgroundCallback(CuratorFrameworkImpl.java:728)
	at org.apache.curator.framework.imps.CuratorFrameworkImpl.processBackgroundOperation(CuratorFrameworkImpl.java:505)
	at org.apache.curator.framework.imps.ExistsBuilderImpl$1.processResult(ExistsBuilderImpl.java:123)
	at org.apache.zookeeper.ClientCnxn$EventThread.processEvent(ClientCnxn.java:555)
	at org.apache.zookeeper.ClientCnxn$EventThread.run(ClientCnxn.java:498)
2020-06-18 18:34:47.064 ERROR[main-EventThread]org.apache.curator.framework.imps.CuratorFrameworkImpl.logError:546 -Background exception was not retry-able or retry gave up
java.lang.IllegalStateException: instance must be started before calling this method
	at com.google.common.base.Preconditions.checkState(Preconditions.java:176)
	at org.apache.curator.framework.imps.CuratorFrameworkImpl.checkExists(CuratorFrameworkImpl.java:355)
	at org.apache.curator.framework.recipes.cache.TreeCache$TreeNode.wasDeleted(TreeCache.java:295)
	at org.apache.curator.framework.recipes.cache.TreeCache$TreeNode.processResult(TreeCache.java:351)
	at org.apache.curator.framework.imps.CuratorFrameworkImpl.sendToBackgroundCallback(CuratorFrameworkImpl.java:728)
	at org.apache.curator.framework.imps.CuratorFrameworkImpl.processBackgroundOperation(CuratorFrameworkImpl.java:505)
	at org.apache.curator.framework.imps.ExistsBuilderImpl$1.processResult(ExistsBuilderImpl.java:123)
	at org.apache.zookeeper.ClientCnxn$EventThread.processEvent(ClientCnxn.java:555)
	at org.apache.zookeeper.ClientCnxn$EventThread.run(ClientCnxn.java:498)
2020-06-18 18:34:47.353 ERROR[main-EventThread]org.apache.curator.framework.imps.CuratorFrameworkImpl.logError:546 -Background exception was not retry-able or retry gave up
java.lang.IllegalStateException: instance must be started before calling this method
	at com.google.common.base.Preconditions.checkState(Preconditions.java:176)
	at org.apache.curator.framework.imps.CuratorFrameworkImpl.checkExists(CuratorFrameworkImpl.java:355)
	at org.apache.curator.framework.recipes.cache.TreeCache$TreeNode.wasDeleted(TreeCache.java:295)
	at org.apache.curator.framework.recipes.cache.TreeCache$TreeNode.processResult(TreeCache.java:351)
	at org.apache.curator.framework.imps.CuratorFrameworkImpl.sendToBackgroundCallback(CuratorFrameworkImpl.java:728)
	at org.apache.curator.framework.imps.CuratorFrameworkImpl.processBackgroundOperation(CuratorFrameworkImpl.java:505)
	at org.apache.curator.framework.imps.ExistsBuilderImpl$1.processResult(ExistsBuilderImpl.java:123)
	at org.apache.zookeeper.ClientCnxn$EventThread.processEvent(ClientCnxn.java:555)
	at org.apache.zookeeper.ClientCnxn$EventThread.run(ClientCnxn.java:498)
2020-06-18 18:34:47.355 ERROR[main-EventThread]org.apache.curator.framework.imps.CuratorFrameworkImpl.logError:546 -Background exception was not retry-able or retry gave up
java.lang.IllegalStateException: instance must be started before calling this method
	at com.google.common.base.Preconditions.checkState(Preconditions.java:176)
	at org.apache.curator.framework.imps.CuratorFrameworkImpl.checkExists(CuratorFrameworkImpl.java:355)
	at org.apache.curator.framework.recipes.cache.TreeCache$TreeNode.wasDeleted(TreeCache.java:295)
	at org.apache.curator.framework.recipes.cache.TreeCache$TreeNode.processResult(TreeCache.java:351)
	at org.apache.curator.framework.imps.CuratorFrameworkImpl.sendToBackgroundCallback(CuratorFrameworkImpl.java:728)
	at org.apache.curator.framework.imps.CuratorFrameworkImpl.processBackgroundOperation(CuratorFrameworkImpl.java:505)
	at org.apache.curator.framework.imps.ExistsBuilderImpl$1.processResult(ExistsBuilderImpl.java:123)
	at org.apache.zookeeper.ClientCnxn$EventThread.processEvent(ClientCnxn.java:555)
	at org.apache.zookeeper.ClientCnxn$EventThread.run(ClientCnxn.java:498)
